14:47:07.140 [main] WARN  SPARQL - [line: 1, col: 76] Bad IRI: <http://Advance%20Course%20in%20Visual%20Art%20Fondazione%20A.%20Ratti%20Como%20(IT)> Code: 28/NOT_DNS_NAME in HOST: The host component did not meet the restrictions on DNS names.
14:47:07.148 [main] WARN  SPARQL - [line: 1, col: 76] Bad IRI: <http://Advance%20Course%20in%20Visual%20Art%20Fondazione%20A.%20Ratti%20Como%20(IT)> Code: 29/USE_PUNYCODE_NOT_PERCENTS in HOST: The host component used percent encoding, where punycode is preferred.
14:48:18.855 [main] WARN  SPARQL - [line: 1, col: 76] Bad IRI: <http://www:FromMyHometown.net> Code: 0/ILLEGAL_CHARACTER in PORT: The character violates the grammar rules for URIs/IRIs.
14:48:27.089 [main] WARN  SPARQL - [line: 1, col: 76] Bad IRI: <http://dbpedia.org/resource/Free_to_Be…_You_and_Me> Code: 47/NOT_NFKC in PATH: The IRI is not in Unicode Normal Form KC.
14:48:27.090 [main] WARN  SPARQL - [line: 1, col: 76] Bad IRI: <http://dbpedia.org/resource/Free_to_Be…_You_and_Me> Code: 56/COMPATIBILITY_CHARACTER in PATH: Bad character
14:49:23.827 [main] WARN  SPARQL - [line: 1, col: 76] Bad IRI: <http://www:FromMyHometown.net> Code: 0/ILLEGAL_CHARACTER in PORT: The character violates the grammar rules for URIs/IRIs.
14:49:47.216 [main] WARN  SPARQL - [line: 1, col: 76] Bad IRI: <http://dbpedia.org/resource/Free_to_Be…_You_and_Me> Code: 47/NOT_NFKC in PATH: The IRI is not in Unicode Normal Form KC.
14:49:47.217 [main] WARN  SPARQL - [line: 1, col: 76] Bad IRI: <http://dbpedia.org/resource/Free_to_Be…_You_and_Me> Code: 56/COMPATIBILITY_CHARACTER in PATH: Bad character
14:49:53.165 [main] WARN  SPARQL - [line: 1, col: 76] Bad IRI: <http://Advance%20Course%20in%20Visual%20Art%20Fondazione%20A.%20Ratti%20Como%20(IT)> Code: 28/NOT_DNS_NAME in HOST: The host component did not meet the restrictions on DNS names.
14:49:53.165 [main] WARN  SPARQL - [line: 1, col: 76] Bad IRI: <http://Advance%20Course%20in%20Visual%20Art%20Fondazione%20A.%20Ratti%20Como%20(IT)> Code: 29/USE_PUNYCODE_NOT_PERCENTS in HOST: The host component used percent encoding, where punycode is preferred.
14:50:36.921 [main] WARN  SPARQL - [line: 1, col: 76] Bad IRI: <http://www:FromMyHometown.net> Code: 0/ILLEGAL_CHARACTER in PORT: The character violates the grammar rules for URIs/IRIs.
14:50:43.038 [main] WARN  SPARQL - [line: 1, col: 76] Bad IRI: <http://dbpedia.org/resource/Free_to_Be…_You_and_Me> Code: 47/NOT_NFKC in PATH: The IRI is not in Unicode Normal Form KC.
14:50:43.038 [main] WARN  SPARQL - [line: 1, col: 76] Bad IRI: <http://dbpedia.org/resource/Free_to_Be…_You_and_Me> Code: 56/COMPATIBILITY_CHARACTER in PATH: Bad character
14:50:45.083 [main] WARN  SPARQL - [line: 1, col: 76] Bad IRI: <http://Advance%20Course%20in%20Visual%20Art%20Fondazione%20A.%20Ratti%20Como%20(IT)> Code: 28/NOT_DNS_NAME in HOST: The host component did not meet the restrictions on DNS names.
14:50:45.083 [main] WARN  SPARQL - [line: 1, col: 76] Bad IRI: <http://Advance%20Course%20in%20Visual%20Art%20Fondazione%20A.%20Ratti%20Como%20(IT)> Code: 29/USE_PUNYCODE_NOT_PERCENTS in HOST: The host component used percent encoding, where punycode is preferred.
14:50:58.882 [main] WARN  SPARQL - [line: 1, col: 76] Bad IRI: <http://www:FromMyHometown.net> Code: 0/ILLEGAL_CHARACTER in PORT: The character violates the grammar rules for URIs/IRIs.
14:51:04.132 [main] WARN  SPARQL - [line: 1, col: 76] Bad IRI: <http://dbpedia.org/resource/Free_to_Be…_You_and_Me> Code: 47/NOT_NFKC in PATH: The IRI is not in Unicode Normal Form KC.
14:51:04.132 [main] WARN  SPARQL - [line: 1, col: 76] Bad IRI: <http://dbpedia.org/resource/Free_to_Be…_You_and_Me> Code: 56/COMPATIBILITY_CHARACTER in PATH: Bad character
14:51:19.164 [main] WARN  SPARQL - [line: 1, col: 76] Bad IRI: <http://www:FromMyHometown.net> Code: 0/ILLEGAL_CHARACTER in PORT: The character violates the grammar rules for URIs/IRIs.
14:51:24.610 [main] WARN  SPARQL - [line: 1, col: 76] Bad IRI: <http://dbpedia.org/resource/Free_to_Be…_You_and_Me> Code: 47/NOT_NFKC in PATH: The IRI is not in Unicode Normal Form KC.
14:51:24.610 [main] WARN  SPARQL - [line: 1, col: 76] Bad IRI: <http://dbpedia.org/resource/Free_to_Be…_You_and_Me> Code: 56/COMPATIBILITY_CHARACTER in PATH: Bad character
14:52:50.915 [main] WARN  SPARQL - [line: 1, col: 76] Bad IRI: <http://Advance%20Course%20in%20Visual%20Art%20Fondazione%20A.%20Ratti%20Como%20(IT)> Code: 28/NOT_DNS_NAME in HOST: The host component did not meet the restrictions on DNS names.
14:52:50.916 [main] WARN  SPARQL - [line: 1, col: 76] Bad IRI: <http://Advance%20Course%20in%20Visual%20Art%20Fondazione%20A.%20Ratti%20Como%20(IT)> Code: 29/USE_PUNYCODE_NOT_PERCENTS in HOST: The host component used percent encoding, where punycode is preferred.
14:52:53.692 [main] WARN  SPARQL - [line: 1, col: 76] Bad IRI: <http://Advance%20Course%20in%20Visual%20Art%20Fondazione%20A.%20Ratti%20Como%20(IT)> Code: 28/NOT_DNS_NAME in HOST: The host component did not meet the restrictions on DNS names.
14:52:53.692 [main] WARN  SPARQL - [line: 1, col: 76] Bad IRI: <http://Advance%20Course%20in%20Visual%20Art%20Fondazione%20A.%20Ratti%20Como%20(IT)> Code: 29/USE_PUNYCODE_NOT_PERCENTS in HOST: The host component used percent encoding, where punycode is preferred.
14:53:07.913 [main] WARN  SPARQL - [line: 1, col: 76] Bad IRI: <http://www:FromMyHometown.net> Code: 0/ILLEGAL_CHARACTER in PORT: The character violates the grammar rules for URIs/IRIs.
14:53:13.374 [main] WARN  SPARQL - [line: 1, col: 76] Bad IRI: <http://dbpedia.org/resource/Free_to_Be…_You_and_Me> Code: 47/NOT_NFKC in PATH: The IRI is not in Unicode Normal Form KC.
14:53:13.374 [main] WARN  SPARQL - [line: 1, col: 76] Bad IRI: <http://dbpedia.org/resource/Free_to_Be…_You_and_Me> Code: 56/COMPATIBILITY_CHARACTER in PATH: Bad character
14:53:16.065 [main] WARN  SPARQL - [line: 1, col: 76] Bad IRI: <http://Advance%20Course%20in%20Visual%20Art%20Fondazione%20A.%20Ratti%20Como%20(IT)> Code: 28/NOT_DNS_NAME in HOST: The host component did not meet the restrictions on DNS names.
14:53:16.066 [main] WARN  SPARQL - [line: 1, col: 76] Bad IRI: <http://Advance%20Course%20in%20Visual%20Art%20Fondazione%20A.%20Ratti%20Como%20(IT)> Code: 29/USE_PUNYCODE_NOT_PERCENTS in HOST: The host component used percent encoding, where punycode is preferred.
14:53:28.590 [main] WARN  SPARQL - [line: 1, col: 76] Bad IRI: <http://www:FromMyHometown.net> Code: 0/ILLEGAL_CHARACTER in PORT: The character violates the grammar rules for URIs/IRIs.
14:53:37.975 [main] WARN  SPARQL - [line: 1, col: 76] Bad IRI: <http://dbpedia.org/resource/Free_to_Be…_You_and_Me> Code: 47/NOT_NFKC in PATH: The IRI is not in Unicode Normal Form KC.
14:53:37.976 [main] WARN  SPARQL - [line: 1, col: 76] Bad IRI: <http://dbpedia.org/resource/Free_to_Be…_You_and_Me> Code: 56/COMPATIBILITY_CHARACTER in PATH: Bad character
14:53:41.265 [main] WARN  SPARQL - [line: 1, col: 76] Bad IRI: <http://Advance%20Course%20in%20Visual%20Art%20Fondazione%20A.%20Ratti%20Como%20(IT)> Code: 28/NOT_DNS_NAME in HOST: The host component did not meet the restrictions on DNS names.
14:53:41.266 [main] WARN  SPARQL - [line: 1, col: 76] Bad IRI: <http://Advance%20Course%20in%20Visual%20Art%20Fondazione%20A.%20Ratti%20Como%20(IT)> Code: 29/USE_PUNYCODE_NOT_PERCENTS in HOST: The host component used percent encoding, where punycode is preferred.
14:54:17.181 [main] WARN  SPARQL - [line: 1, col: 76] Bad IRI: <http://www:FromMyHometown.net> Code: 0/ILLEGAL_CHARACTER in PORT: The character violates the grammar rules for URIs/IRIs.
14:54:22.161 [main] WARN  SPARQL - [line: 1, col: 76] Bad IRI: <http://dbpedia.org/resource/Free_to_Be…_You_and_Me> Code: 47/NOT_NFKC in PATH: The IRI is not in Unicode Normal Form KC.
14:54:22.162 [main] WARN  SPARQL - [line: 1, col: 76] Bad IRI: <http://dbpedia.org/resource/Free_to_Be…_You_and_Me> Code: 56/COMPATIBILITY_CHARACTER in PATH: Bad character
14:55:37.802 [main] WARN  SPARQL - [line: 1, col: 76] Bad IRI: <http://Advance%20Course%20in%20Visual%20Art%20Fondazione%20A.%20Ratti%20Como%20(IT)> Code: 28/NOT_DNS_NAME in HOST: The host component did not meet the restrictions on DNS names.
14:55:37.802 [main] WARN  SPARQL - [line: 1, col: 76] Bad IRI: <http://Advance%20Course%20in%20Visual%20Art%20Fondazione%20A.%20Ratti%20Como%20(IT)> Code: 29/USE_PUNYCODE_NOT_PERCENTS in HOST: The host component used percent encoding, where punycode is preferred.
14:56:07.234 [main] WARN  SPARQL - [line: 1, col: 76] Bad IRI: <http://www:FromMyHometown.net> Code: 0/ILLEGAL_CHARACTER in PORT: The character violates the grammar rules for URIs/IRIs.
14:56:12.462 [main] WARN  SPARQL - [line: 1, col: 76] Bad IRI: <http://dbpedia.org/resource/Free_to_Be…_You_and_Me> Code: 47/NOT_NFKC in PATH: The IRI is not in Unicode Normal Form KC.
14:56:12.462 [main] WARN  SPARQL - [line: 1, col: 76] Bad IRI: <http://dbpedia.org/resource/Free_to_Be…_You_and_Me> Code: 56/COMPATIBILITY_CHARACTER in PATH: Bad character
17:25:38.673 [main] WARN  SPARQL - [line: 1, col: 76] Bad IRI: <http://Advance%20Course%20in%20Visual%20Art%20Fondazione%20A.%20Ratti%20Como%20(IT)> Code: 28/NOT_DNS_NAME in HOST: The host component did not meet the restrictions on DNS names.
17:25:38.678 [main] WARN  SPARQL - [line: 1, col: 76] Bad IRI: <http://Advance%20Course%20in%20Visual%20Art%20Fondazione%20A.%20Ratti%20Como%20(IT)> Code: 29/USE_PUNYCODE_NOT_PERCENTS in HOST: The host component used percent encoding, where punycode is preferred.
17:26:37.210 [main] WARN  SPARQL - [line: 1, col: 76] Bad IRI: <http://www:FromMyHometown.net> Code: 0/ILLEGAL_CHARACTER in PORT: The character violates the grammar rules for URIs/IRIs.
17:26:41.745 [main] WARN  SPARQL - [line: 1, col: 76] Bad IRI: <http://dbpedia.org/resource/Free_to_Be…_You_and_Me> Code: 47/NOT_NFKC in PATH: The IRI is not in Unicode Normal Form KC.
17:26:41.745 [main] WARN  SPARQL - [line: 1, col: 76] Bad IRI: <http://dbpedia.org/resource/Free_to_Be…_You_and_Me> Code: 56/COMPATIBILITY_CHARACTER in PATH: Bad character
17:27:13.318 [main] WARN  SPARQL - [line: 1, col: 76] Bad IRI: <http://www:FromMyHometown.net> Code: 0/ILLEGAL_CHARACTER in PORT: The character violates the grammar rules for URIs/IRIs.
17:27:17.982 [main] WARN  SPARQL - [line: 1, col: 76] Bad IRI: <http://dbpedia.org/resource/Free_to_Be…_You_and_Me> Code: 47/NOT_NFKC in PATH: The IRI is not in Unicode Normal Form KC.
17:27:17.982 [main] WARN  SPARQL - [line: 1, col: 76] Bad IRI: <http://dbpedia.org/resource/Free_to_Be…_You_and_Me> Code: 56/COMPATIBILITY_CHARACTER in PATH: Bad character
17:27:19.417 [main] WARN  SPARQL - [line: 1, col: 76] Bad IRI: <http://Advance%20Course%20in%20Visual%20Art%20Fondazione%20A.%20Ratti%20Como%20(IT)> Code: 28/NOT_DNS_NAME in HOST: The host component did not meet the restrictions on DNS names.
17:27:19.417 [main] WARN  SPARQL - [line: 1, col: 76] Bad IRI: <http://Advance%20Course%20in%20Visual%20Art%20Fondazione%20A.%20Ratti%20Como%20(IT)> Code: 29/USE_PUNYCODE_NOT_PERCENTS in HOST: The host component used percent encoding, where punycode is preferred.
17:27:31.053 [main] WARN  SPARQL - [line: 1, col: 76] Bad IRI: <http://www:FromMyHometown.net> Code: 0/ILLEGAL_CHARACTER in PORT: The character violates the grammar rules for URIs/IRIs.
17:27:35.339 [main] WARN  SPARQL - [line: 1, col: 76] Bad IRI: <http://dbpedia.org/resource/Free_to_Be…_You_and_Me> Code: 47/NOT_NFKC in PATH: The IRI is not in Unicode Normal Form KC.
17:27:35.340 [main] WARN  SPARQL - [line: 1, col: 76] Bad IRI: <http://dbpedia.org/resource/Free_to_Be…_You_and_Me> Code: 56/COMPATIBILITY_CHARACTER in PATH: Bad character
17:27:37.318 [main] WARN  SPARQL - [line: 1, col: 76] Bad IRI: <http://Advance%20Course%20in%20Visual%20Art%20Fondazione%20A.%20Ratti%20Como%20(IT)> Code: 28/NOT_DNS_NAME in HOST: The host component did not meet the restrictions on DNS names.
17:27:37.319 [main] WARN  SPARQL - [line: 1, col: 76] Bad IRI: <http://Advance%20Course%20in%20Visual%20Art%20Fondazione%20A.%20Ratti%20Como%20(IT)> Code: 29/USE_PUNYCODE_NOT_PERCENTS in HOST: The host component used percent encoding, where punycode is preferred.
17:27:48.825 [main] WARN  SPARQL - [line: 1, col: 76] Bad IRI: <http://www:FromMyHometown.net> Code: 0/ILLEGAL_CHARACTER in PORT: The character violates the grammar rules for URIs/IRIs.
17:27:53.063 [main] WARN  SPARQL - [line: 1, col: 76] Bad IRI: <http://dbpedia.org/resource/Free_to_Be…_You_and_Me> Code: 47/NOT_NFKC in PATH: The IRI is not in Unicode Normal Form KC.
17:27:53.064 [main] WARN  SPARQL - [line: 1, col: 76] Bad IRI: <http://dbpedia.org/resource/Free_to_Be…_You_and_Me> Code: 56/COMPATIBILITY_CHARACTER in PATH: Bad character
17:28:04.084 [main] WARN  SPARQL - [line: 1, col: 76] Bad IRI: <http://www:FromMyHometown.net> Code: 0/ILLEGAL_CHARACTER in PORT: The character violates the grammar rules for URIs/IRIs.
17:28:08.336 [main] WARN  SPARQL - [line: 1, col: 76] Bad IRI: <http://dbpedia.org/resource/Free_to_Be…_You_and_Me> Code: 47/NOT_NFKC in PATH: The IRI is not in Unicode Normal Form KC.
17:28:08.337 [main] WARN  SPARQL - [line: 1, col: 76] Bad IRI: <http://dbpedia.org/resource/Free_to_Be…_You_and_Me> Code: 56/COMPATIBILITY_CHARACTER in PATH: Bad character
17:28:20.828 [main] WARN  SPARQL - [line: 1, col: 76] Bad IRI: <http://Advance%20Course%20in%20Visual%20Art%20Fondazione%20A.%20Ratti%20Como%20(IT)> Code: 28/NOT_DNS_NAME in HOST: The host component did not meet the restrictions on DNS names.
17:28:20.828 [main] WARN  SPARQL - [line: 1, col: 76] Bad IRI: <http://Advance%20Course%20in%20Visual%20Art%20Fondazione%20A.%20Ratti%20Como%20(IT)> Code: 29/USE_PUNYCODE_NOT_PERCENTS in HOST: The host component used percent encoding, where punycode is preferred.
17:28:23.326 [main] WARN  SPARQL - [line: 1, col: 76] Bad IRI: <http://Advance%20Course%20in%20Visual%20Art%20Fondazione%20A.%20Ratti%20Como%20(IT)> Code: 28/NOT_DNS_NAME in HOST: The host component did not meet the restrictions on DNS names.
17:28:23.326 [main] WARN  SPARQL - [line: 1, col: 76] Bad IRI: <http://Advance%20Course%20in%20Visual%20Art%20Fondazione%20A.%20Ratti%20Como%20(IT)> Code: 29/USE_PUNYCODE_NOT_PERCENTS in HOST: The host component used percent encoding, where punycode is preferred.
17:28:35.442 [main] WARN  SPARQL - [line: 1, col: 76] Bad IRI: <http://www:FromMyHometown.net> Code: 0/ILLEGAL_CHARACTER in PORT: The character violates the grammar rules for URIs/IRIs.
17:28:39.966 [main] WARN  SPARQL - [line: 1, col: 76] Bad IRI: <http://dbpedia.org/resource/Free_to_Be…_You_and_Me> Code: 47/NOT_NFKC in PATH: The IRI is not in Unicode Normal Form KC.
17:28:39.966 [main] WARN  SPARQL - [line: 1, col: 76] Bad IRI: <http://dbpedia.org/resource/Free_to_Be…_You_and_Me> Code: 56/COMPATIBILITY_CHARACTER in PATH: Bad character
17:28:42.524 [main] WARN  SPARQL - [line: 1, col: 76] Bad IRI: <http://Advance%20Course%20in%20Visual%20Art%20Fondazione%20A.%20Ratti%20Como%20(IT)> Code: 28/NOT_DNS_NAME in HOST: The host component did not meet the restrictions on DNS names.
17:28:42.525 [main] WARN  SPARQL - [line: 1, col: 76] Bad IRI: <http://Advance%20Course%20in%20Visual%20Art%20Fondazione%20A.%20Ratti%20Como%20(IT)> Code: 29/USE_PUNYCODE_NOT_PERCENTS in HOST: The host component used percent encoding, where punycode is preferred.
17:28:54.040 [main] WARN  SPARQL - [line: 1, col: 76] Bad IRI: <http://www:FromMyHometown.net> Code: 0/ILLEGAL_CHARACTER in PORT: The character violates the grammar rules for URIs/IRIs.
17:28:58.368 [main] WARN  SPARQL - [line: 1, col: 76] Bad IRI: <http://dbpedia.org/resource/Free_to_Be…_You_and_Me> Code: 47/NOT_NFKC in PATH: The IRI is not in Unicode Normal Form KC.
17:28:58.369 [main] WARN  SPARQL - [line: 1, col: 76] Bad IRI: <http://dbpedia.org/resource/Free_to_Be…_You_and_Me> Code: 56/COMPATIBILITY_CHARACTER in PATH: Bad character
17:29:00.024 [main] WARN  SPARQL - [line: 1, col: 76] Bad IRI: <http://Advance%20Course%20in%20Visual%20Art%20Fondazione%20A.%20Ratti%20Como%20(IT)> Code: 28/NOT_DNS_NAME in HOST: The host component did not meet the restrictions on DNS names.
17:29:00.025 [main] WARN  SPARQL - [line: 1, col: 76] Bad IRI: <http://Advance%20Course%20in%20Visual%20Art%20Fondazione%20A.%20Ratti%20Como%20(IT)> Code: 29/USE_PUNYCODE_NOT_PERCENTS in HOST: The host component used percent encoding, where punycode is preferred.
17:29:12.615 [main] WARN  SPARQL - [line: 1, col: 76] Bad IRI: <http://www:FromMyHometown.net> Code: 0/ILLEGAL_CHARACTER in PORT: The character violates the grammar rules for URIs/IRIs.
17:29:17.155 [main] WARN  SPARQL - [line: 1, col: 76] Bad IRI: <http://dbpedia.org/resource/Free_to_Be…_You_and_Me> Code: 47/NOT_NFKC in PATH: The IRI is not in Unicode Normal Form KC.
17:29:17.155 [main] WARN  SPARQL - [line: 1, col: 76] Bad IRI: <http://dbpedia.org/resource/Free_to_Be…_You_and_Me> Code: 56/COMPATIBILITY_CHARACTER in PATH: Bad character
17:30:26.141 [main] WARN  SPARQL - [line: 1, col: 76] Bad IRI: <http://Advance%20Course%20in%20Visual%20Art%20Fondazione%20A.%20Ratti%20Como%20(IT)> Code: 28/NOT_DNS_NAME in HOST: The host component did not meet the restrictions on DNS names.
17:30:26.142 [main] WARN  SPARQL - [line: 1, col: 76] Bad IRI: <http://Advance%20Course%20in%20Visual%20Art%20Fondazione%20A.%20Ratti%20Como%20(IT)> Code: 29/USE_PUNYCODE_NOT_PERCENTS in HOST: The host component used percent encoding, where punycode is preferred.
17:30:43.542 [main] WARN  SPARQL - [line: 1, col: 76] Bad IRI: <http://www:FromMyHometown.net> Code: 0/ILLEGAL_CHARACTER in PORT: The character violates the grammar rules for URIs/IRIs.
17:30:48.213 [main] WARN  SPARQL - [line: 1, col: 76] Bad IRI: <http://dbpedia.org/resource/Free_to_Be…_You_and_Me> Code: 47/NOT_NFKC in PATH: The IRI is not in Unicode Normal Form KC.
17:30:48.213 [main] WARN  SPARQL - [line: 1, col: 76] Bad IRI: <http://dbpedia.org/resource/Free_to_Be…_You_and_Me> Code: 56/COMPATIBILITY_CHARACTER in PATH: Bad character
